<?xml version="1.0" encoding="UTF-8"?>
<testng-results ignored="0" total="1" passed="1" failed="0" skipped="0">
  <reporter-output>
  </reporter-output>
  <suite started-at="2026-05-11T11:21:53 IST" name="Default suite" finished-at="2026-05-11T11:21:53 IST" duration-ms="284">
    <groups>
    </groups>
    <test started-at="2026-05-11T11:21:53 IST" name="Default test" finished-at="2026-05-11T11:21:53 IST" duration-ms="284">
      <class name="Jenkins.PracticeJenkins.Runner">
        <test-method signature="runner()[pri:0, instance:Jenkins.PracticeJenkins.Runner@1be2019a]" started-at="2026-05-11T11:21:53 IST" name="runner" finished-at="2026-05-11T11:21:53 IST" duration-ms="113" status="PASS">
          <reporter-output>
          </reporter-output>
        </test-method> <!-- runner -->
      </class> <!-- Jenkins.PracticeJenkins.Runner -->
    </test> <!-- Default test -->
  </suite> <!-- Default suite -->
</testng-results>
